01-Oct-2022 20:20:36 PARMS_DEFAULT_APS stamps_processed = n
01-Oct-2022 20:20:37 PARMS_DEFAULT_APS sounding_data = n
01-Oct-2022 20:20:37 PARMS_DEFAULT_APS sounding_dir = C:\Users\razbiralochka\Downloads\TRAIN\matlab\sounding_data
01-Oct-2022 20:20:37 PARMS_DEFAULT_APS sounding_time_stamp = [00; 12]
01-Oct-2022 20:20:37 PARMS_DEFAULT_APS sounding_start_date = []
01-Oct-2022 20:20:37 PARMS_DEFAULT_APS sounding_end_date = []
01-Oct-2022 20:20:37 PARMS_DEFAULT_APS sounding_h0 = 0
01-Oct-2022 20:20:37 PARMS_DEFAULT_APS sounding_error_promp = n
01-Oct-2022 20:20:37 PARMS_DEFAULT_APS sounding_h_alpha_thres = 4
01-Oct-2022 20:20:37 PARMS_DEFAULT_APS sounding_months = 1
01-Oct-2022 20:20:37 PARMS_DEFAULT_APS sounding_ifg_dates = n
01-Oct-2022 20:20:37 PARMS_DEFAULT_APS sounding_sensitivity = n
01-Oct-2022 20:20:37 PARMS_DEFAULT_APS lambda = 0.0562
01-Oct-2022 20:20:37 PARMS_DEFAULT_APS look_angle = 0.36652
01-Oct-2022 20:20:37 PARMS_DEFAULT_APS heading = []
01-Oct-2022 20:20:37 PARMS_DEFAULT_APS UTC_sat = []
01-Oct-2022 20:20:37 PARMS_DEFAULT_APS non_defo_flag = n
01-Oct-2022 20:20:37 PARMS_DEFAULT_APS region_res = 0.008333
01-Oct-2022 20:20:37 PARMS_DEFAULT_APS region_lon_range = []
01-Oct-2022 20:20:37 PARMS_DEFAULT_APS region_lat_range = []
01-Oct-2022 20:20:37 PARMS_DEFAULT_APS demfile = C:\Users\razbiralochka\Downloads\TRAIN\matlab\dummy.dem
01-Oct-2022 20:20:37 PARMS_DEFAULT_APS spectrometer_scaleheight = 8340
01-Oct-2022 20:20:37 PARMS_DEFAULT_APS spectrometer_PIconversion = 6.2
01-Oct-2022 20:20:37 PARMS_DEFAULT_APS dem_null = -32768
01-Oct-2022 20:20:37 PARMS_DEFAULT_APS meris_perc_coverage = 80
01-Oct-2022 20:20:37 PARMS_DEFAULT_APS meris_datapath = []
01-Oct-2022 20:20:37 PARMS_DEFAULT_APS modis_datapath = []
01-Oct-2022 20:20:37 PARMS_DEFAULT_APS modis_calibration = 0.95
01-Oct-2022 20:20:37 PARMS_DEFAULT_APS modis_recalibrated = n
01-Oct-2022 20:20:37 PARMS_DEFAULT_APS era_datapath = []
01-Oct-2022 20:20:37 PARMS_DEFAULT_APS era_data_type = ECMWF
01-Oct-2022 20:20:37 PARMS_DEFAULT_APS gacos_datapath = []
01-Oct-2022 20:20:37 PARMS_DEFAULT_APS merra_datapath = []
01-Oct-2022 20:20:37 PARMS_DEFAULT_APS narr_datapath = []
01-Oct-2022 20:20:37 PARMS_DEFAULT_APS wrf_datapath = []
01-Oct-2022 20:20:37 PARMS_DEFAULT_APS powerlaw_DEM_corr = n
01-Oct-2022 20:20:37 PARMS_DEFAULT_APS powerlaw_h0 = 10
01-Oct-2022 20:20:37 PARMS_DEFAULT_APS powerlaw_n_patches = 50
01-Oct-2022 20:20:37 PARMS_DEFAULT_APS powerlaw_alpha = 1.6
01-Oct-2022 20:20:37 PARMS_DEFAULT_APS powerlaw_xy_res = 30  30
01-Oct-2022 20:20:37 PARMS_DEFAULT_APS powerlaw_patch_overlap = 50
01-Oct-2022 20:20:37 PARMS_DEFAULT_APS powerlaw_all_bands = y
01-Oct-2022 20:20:37 PARMS_DEFAULT_APS powerlaw_spatial_bands = [2000  4000; 4000  8000; 8000  16000; 16000  32000; 32000  64000; 64000  128000]
01-Oct-2022 20:20:37 PARMS_DEFAULT_APS powerlaw_ridge_constraint = n
01-Oct-2022 20:20:37 PARMS_DEFAULT_APS powerlaw_kept = 0
01-Oct-2022 20:20:37 PARMS_DEFAULT_APS powerlaw_plane_mode = y
01-Oct-2022 20:20:37 PARMS_DEFAULT_APS crop_flag = n
01-Oct-2022 20:20:37 PARMS_DEFAULT_APS ifgday_matfile = []
01-Oct-2022 20:20:37 PARMS_DEFAULT_APS save_folder_name = aps_estimation
01-Oct-2022 20:20:37 PARMS_DEFAULT_APS drop_ifg_index = []
01-Oct-2022 20:20:37 PARMS_DEFAULT_APS phuw_matfile = C:\Users\razbiralochka\Downloads\TRAIN\matlab\phuw.mat
01-Oct-2022 20:20:37 PARMS_DEFAULT_APS hgt_matfile = C:\Users\razbiralochka\Downloads\TRAIN\matlab\hgt.mat
01-Oct-2022 20:20:38 PARMS_DEFAULT_APS ll_matfile = C:\Users\razbiralochka\Downloads\TRAIN\matlab\ll.mat
01-Oct-2022 20:20:38 PARMS_DEFAULT_APS bperp_matfile = C:\Users\razbiralochka\Downloads\TRAIN\matlab\bperp.mat
